This is pdfTeX, Version 3.1415926-2.5-1.40.14 (TeX Live 2013) (format=pdflatex 2013.5.30)  10 FEB 2014 12:07
entering extended mode
 restricted \write18 enabled.
 %&-line parsing enabled.
**paper.tex
(./paper.tex
LaTeX2e <2011/06/27>
Babel <3.9f> and hyphenation patterns for 78 languages loaded.
(./elsarticle.cls
Document Class: elsarticle 2009/09/17, 1.20b: Elsevier Ltd
\@bls=\dimen102
(/usr/local/texlive/2013/texmf-dist/tex/latex/base/article.cls
Document Class: article 2007/10/19 v1.4h Standard LaTeX document class
(/usr/local/texlive/2013/texmf-dist/tex/latex/base/size12.clo
File: size12.clo 2007/10/19 v1.4h Standard LaTeX file (size option)
)
\c@part=\count79
\c@section=\count80
\c@subsection=\count81
\c@subsubsection=\count82
\c@paragraph=\count83
\c@subparagraph=\count84
\c@figure=\count85
\c@table=\count86
\abovecaptionskip=\skip41
\belowcaptionskip=\skip42
\bibindent=\dimen103
)
(/usr/local/texlive/2013/texmf-dist/tex/latex/graphics/graphicx.sty
Package: graphicx 1999/02/16 v1.0f Enhanced LaTeX Graphics (DPC,SPQR)

(/usr/local/texlive/2013/texmf-dist/tex/latex/graphics/keyval.sty
Package: keyval 1999/03/16 v1.13 key=value parser (DPC)
\KV@toks@=\toks14
)
(/usr/local/texlive/2013/texmf-dist/tex/latex/graphics/graphics.sty
Package: graphics 2009/02/05 v1.0o Standard LaTeX Graphics (DPC,SPQR)

(/usr/local/texlive/2013/texmf-dist/tex/latex/graphics/trig.sty
Package: trig 1999/03/16 v1.09 sin cos tan (DPC)
)
(/usr/local/texlive/2013/texmf-dist/tex/latex/latexconfig/graphics.cfg
File: graphics.cfg 2010/04/23 v1.9 graphics configuration of TeX Live
)
Package graphics Info: Driver file: pdftex.def on input line 91.

(/usr/local/texlive/2013/texmf-dist/tex/latex/pdftex-def/pdftex.def
File: pdftex.def 2011/05/27 v0.06d Graphics/color for pdfTeX

(/usr/local/texlive/2013/texmf-dist/tex/generic/oberdiek/infwarerr.sty
Package: infwarerr 2010/04/08 v1.3 Providing info/warning/error messages (HO)
)
(/usr/local/texlive/2013/texmf-dist/tex/generic/oberdiek/ltxcmds.sty
Package: ltxcmds 2011/11/09 v1.22 LaTeX kernel commands for general use (HO)
)
\Gread@gobject=\count87
))
\Gin@req@height=\dimen104
\Gin@req@width=\dimen105
)
(/usr/local/texlive/2013/texmf-dist/tex/latex/psnfss/pifont.sty
Package: pifont 2005/04/12 PSNFSS-v9.2a Pi font support (SPQR) 
LaTeX Font Info:    Try loading font information for U+pzd on input line 63.

(/usr/local/texlive/2013/texmf-dist/tex/latex/psnfss/upzd.fd
File: upzd.fd 2001/06/04 font definitions for U/pzd.
)
LaTeX Font Info:    Try loading font information for U+psy on input line 64.

(/usr/local/texlive/2013/texmf-dist/tex/latex/psnfss/upsy.fd
File: upsy.fd 2001/06/04 font definitions for U/psy.
))
\c@tnote=\count88
\c@fnote=\count89
\c@cnote=\count90
\c@ead=\count91
\c@author=\count92
\@eadauthor=\toks15
\c@affn=\count93
\absbox=\box26
\keybox=\box27
\Columnwidth=\dimen106
\space@left=\dimen107
\els@boxa=\box28
\els@boxb=\box29
\leftMargin=\dimen108
\@enLab=\toks16
\@sep=\skip43
\@@sep=\skip44
 (./paper.spl)
(/usr/local/texlive/2013/texmf-dist/tex/latex/natbib/natbib.sty
Package: natbib 2010/09/13 8.31b (PWD, AO)
\bibhang=\skip45
\bibsep=\skip46
LaTeX Info: Redefining \cite on input line 694.
\c@NAT@ctr=\count94
)
\splwrite=\write3
\openout3 = `paper.spl'.

\appnamewidth=\dimen109
)
(/usr/local/texlive/2013/texmf-dist/tex/latex/tools/bm.sty
Package: bm 2004/02/26 v1.1c Bold Symbol Support (DPC/FMi)
\symboldoperators=\mathgroup4
\symboldletters=\mathgroup5
\symboldsymbols=\mathgroup6
LaTeX Font Info:    Redeclaring math alphabet \mathbf on input line 138.
LaTeX Info: Redefining \bm on input line 204.
)
(/usr/local/texlive/2013/texmf-dist/tex/latex/tools/xspace.sty
Package: xspace 2009/10/20 v1.13 Space after command names (DPC,MH)
)
(/usr/local/texlive/2013/texmf-dist/tex/latex/hyperref/hyperref.sty
Package: hyperref 2012/11/06 v6.83m Hypertext links for LaTeX

(/usr/local/texlive/2013/texmf-dist/tex/generic/oberdiek/hobsub-hyperref.sty
Package: hobsub-hyperref 2012/05/28 v1.13 Bundle oberdiek, subset hyperref (HO)


(/usr/local/texlive/2013/texmf-dist/tex/generic/oberdiek/hobsub-generic.sty
Package: hobsub-generic 2012/05/28 v1.13 Bundle oberdiek, subset generic (HO)
Package: hobsub 2012/05/28 v1.13 Construct package bundles (HO)
Package hobsub Info: Skipping package `infwarerr' (already loaded).
Package hobsub Info: Skipping package `ltxcmds' (already loaded).
Package: ifluatex 2010/03/01 v1.3 Provides the ifluatex switch (HO)
Package ifluatex Info: LuaTeX not detected.
Package: ifvtex 2010/03/01 v1.5 Detect VTeX and its facilities (HO)
Package ifvtex Info: VTeX not detected.
Package: intcalc 2007/09/27 v1.1 Expandable calculations with integers (HO)
Package: ifpdf 2011/01/30 v2.3 Provides the ifpdf switch (HO)
Package ifpdf Info: pdfTeX in PDF mode is detected.
Package: etexcmds 2011/02/16 v1.5 Avoid name clashes with e-TeX commands (HO)
Package etexcmds Info: Could not find \expanded.
(etexcmds)             That can mean that you are not using pdfTeX 1.50 or
(etexcmds)             that some package has redefined \expanded.
(etexcmds)             In the latter case, load this package earlier.
Package: kvsetkeys 2012/04/25 v1.16 Key value parser (HO)
Package: kvdefinekeys 2011/04/07 v1.3 Define keys (HO)
Package: pdftexcmds 2011/11/29 v0.20 Utility functions of pdfTeX for LuaTeX (HO
)
Package pdftexcmds Info: LuaTeX not detected.
Package pdftexcmds Info: \pdf@primitive is available.
Package pdftexcmds Info: \pdf@ifprimitive is available.
Package pdftexcmds Info: \pdfdraftmode found.
Package: pdfescape 2011/11/25 v1.13 Implements pdfTeX's escape features (HO)
Package: bigintcalc 2012/04/08 v1.3 Expandable calculations on big integers (HO
)
Package: bitset 2011/01/30 v1.1 Handle bit-vector datatype (HO)
Package: uniquecounter 2011/01/30 v1.2 Provide unlimited unique counter (HO)
)
Package hobsub Info: Skipping package `hobsub' (already loaded).
Package: letltxmacro 2010/09/02 v1.4 Let assignment for LaTeX macros (HO)
Package: hopatch 2012/05/28 v1.2 Wrapper for package hooks (HO)
Package: xcolor-patch 2011/01/30 xcolor patch
Package: atveryend 2011/06/30 v1.8 Hooks at the very end of document (HO)
Package atveryend Info: \enddocument detected (standard20110627).
Package: atbegshi 2011/10/05 v1.16 At begin shipout hook (HO)
Package: refcount 2011/10/16 v3.4 Data extraction from label references (HO)
Package: hycolor 2011/01/30 v1.7 Color options for hyperref/bookmark (HO)
)
(/usr/local/texlive/2013/texmf-dist/tex/generic/ifxetex/ifxetex.sty
Package: ifxetex 2010/09/12 v0.6 Provides ifxetex conditional
)
(/usr/local/texlive/2013/texmf-dist/tex/latex/oberdiek/auxhook.sty
Package: auxhook 2011/03/04 v1.3 Hooks for auxiliary files (HO)
)
(/usr/local/texlive/2013/texmf-dist/tex/latex/oberdiek/kvoptions.sty
Package: kvoptions 2011/06/30 v3.11 Key value format for package options (HO)
)
\@linkdim=\dimen110
\Hy@linkcounter=\count95
\Hy@pagecounter=\count96

(/usr/local/texlive/2013/texmf-dist/tex/latex/hyperref/pd1enc.def
File: pd1enc.def 2012/11/06 v6.83m Hyperref: PDFDocEncoding definition (HO)
)
\Hy@SavedSpaceFactor=\count97

(/usr/local/texlive/2013/texmf-dist/tex/latex/latexconfig/hyperref.cfg
File: hyperref.cfg 2002/06/06 v1.2 hyperref configuration of TeXLive
)
Package hyperref Info: Hyper figures OFF on input line 4443.
Package hyperref Info: Link nesting OFF on input line 4448.
Package hyperref Info: Hyper index ON on input line 4451.
Package hyperref Info: Plain pages OFF on input line 4458.
Package hyperref Info: Backreferencing OFF on input line 4463.
Package hyperref Info: Implicit mode ON; LaTeX internals redefined.
Package hyperref Info: Bookmarks ON on input line 4688.
\c@Hy@tempcnt=\count98

(/usr/local/texlive/2013/texmf-dist/tex/latex/url/url.sty
\Urlmuskip=\muskip10
Package: url 2006/04/12  ver 3.3  Verb mode for urls, etc.
)
LaTeX Info: Redefining \url on input line 5041.
\XeTeXLinkMargin=\dimen111
\Fld@menulength=\count99
\Field@Width=\dimen112
\Fld@charsize=\dimen113
Package hyperref Info: Hyper figures OFF on input line 6295.
Package hyperref Info: Link nesting OFF on input line 6300.
Package hyperref Info: Hyper index ON on input line 6303.
Package hyperref Info: backreferencing OFF on input line 6310.
Package hyperref Info: Link coloring OFF on input line 6315.
Package hyperref Info: Link coloring with OCG OFF on input line 6320.
Package hyperref Info: PDF/A mode OFF on input line 6325.
LaTeX Info: Redefining \ref on input line 6365.
LaTeX Info: Redefining \pageref on input line 6369.
\Hy@abspage=\count100
\c@Item=\count101
\c@Hfootnote=\count102
)

Package hyperref Message: Driver (autodetected): hpdftex.

(/usr/local/texlive/2013/texmf-dist/tex/latex/hyperref/hpdftex.def
File: hpdftex.def 2012/11/06 v6.83m Hyperref driver for pdfTeX
\Fld@listcount=\count103
\c@bookmark@seq@number=\count104

(/usr/local/texlive/2013/texmf-dist/tex/latex/oberdiek/rerunfilecheck.sty
Package: rerunfilecheck 2011/04/15 v1.7 Rerun checks for auxiliary files (HO)
Package uniquecounter Info: New unique counter `rerunfilecheck' on input line 2
82.
)
\Hy@SectionHShift=\skip47
)
(/usr/local/texlive/2013/texmf-dist/tex/latex/lineno/lineno.sty
Package: lineno 2005/11/02 line numbers on paragraphs v4.41
\linenopenalty=\count105
\output=\toks17
\linenoprevgraf=\count106
\linenumbersep=\dimen114
\linenumberwidth=\dimen115
\c@linenumber=\count107
\c@pagewiselinenumber=\count108
\c@LN@truepage=\count109
\c@internallinenumber=\count110
\c@internallinenumbers=\count111
\quotelinenumbersep=\dimen116
\bframerule=\dimen117
\bframesep=\dimen118
\bframebox=\box30
LaTeX Info: Redefining \\ on input line 3056.
)
(/usr/local/texlive/2013/texmf-dist/tex/latex/caption/subcaption.sty
Package: subcaption 2013/02/03 v1.1-62 Sub-captions (AR)

(/usr/local/texlive/2013/texmf-dist/tex/latex/caption/caption.sty
Package: caption 2013/05/02 v3.3-89 Customizing captions (AR)

(/usr/local/texlive/2013/texmf-dist/tex/latex/caption/caption3.sty
Package: caption3 2013/05/02 v1.6-88 caption3 kernel (AR)
Package caption3 Info: TeX engine: e-TeX on input line 57.
\captionmargin=\dimen119
\captionmargin@=\dimen120
\captionwidth=\dimen121
\caption@tempdima=\dimen122
\caption@indent=\dimen123
\caption@parindent=\dimen124
\caption@hangindent=\dimen125
)
\c@ContinuedFloat=\count112
Package caption Info: hyperref package is loaded.
)
\c@subfigure=\count113
\c@subtable=\count114
)
(/usr/local/texlive/2013/texmf-dist/tex/latex/base/latexsym.sty
Package: latexsym 1998/08/17 v2.2e Standard LaTeX package (lasy symbols)
\symlasy=\mathgroup7
LaTeX Font Info:    Overwriting symbol font `lasy' in version `bold'
(Font)                  U/lasy/m/n --> U/lasy/b/n on input line 47.
)
(/usr/local/texlive/2013/texmf-dist/tex/latex/amsfonts/amssymb.sty
Package: amssymb 2013/01/14 v3.01 AMS font symbols

(/usr/local/texlive/2013/texmf-dist/tex/latex/amsfonts/amsfonts.sty
Package: amsfonts 2013/01/14 v3.01 Basic AMSFonts support
\@emptytoks=\toks18
\symAMSa=\mathgroup8
\symAMSb=\mathgroup9
LaTeX Font Info:    Overwriting math alphabet `\mathfrak' in version `bold'
(Font)                  U/euf/m/n --> U/euf/b/n on input line 106.
))
(/usr/local/texlive/2013/texmf-dist/tex/latex/amsmath/amsmath.sty
Package: amsmath 2013/01/14 v2.14 AMS math features
\@mathmargin=\skip48

For additional information on amsmath, use the `?' option.
(/usr/local/texlive/2013/texmf-dist/tex/latex/amsmath/amstext.sty
Package: amstext 2000/06/29 v2.01

(/usr/local/texlive/2013/texmf-dist/tex/latex/amsmath/amsgen.sty
File: amsgen.sty 1999/11/30 v2.0
\@emptytoks=\toks19
\ex@=\dimen126
))
(/usr/local/texlive/2013/texmf-dist/tex/latex/amsmath/amsbsy.sty
Package: amsbsy 1999/11/29 v1.2d
LaTeX Info: Redefining \boldsymbol on input line 39.
\pmbraise@=\dimen127
)
(/usr/local/texlive/2013/texmf-dist/tex/latex/amsmath/amsopn.sty
Package: amsopn 1999/12/14 v2.01 operator names
)
\inf@bad=\count115
LaTeX Info: Redefining \frac on input line 210.
\uproot@=\count116
\leftroot@=\count117
LaTeX Info: Redefining \overline on input line 306.
\classnum@=\count118
\DOTSCASE@=\count119
LaTeX Info: Redefining \ldots on input line 378.
LaTeX Info: Redefining \dots on input line 381.
LaTeX Info: Redefining \cdots on input line 466.
\Mathstrutbox@=\box31
\strutbox@=\box32
\big@size=\dimen128
LaTeX Font Info:    Redeclaring font encoding OML on input line 566.
LaTeX Font Info:    Redeclaring font encoding OMS on input line 567.
\macc@depth=\count120
\c@MaxMatrixCols=\count121
\dotsspace@=\muskip11
\c@parentequation=\count122
\dspbrk@lvl=\count123
\tag@help=\toks20
\row@=\count124
\column@=\count125
\maxfields@=\count126
\andhelp@=\toks21
\eqnshift@=\dimen129
\alignsep@=\dimen130
\tagshift@=\dimen131
\tagwidth@=\dimen132
\totwidth@=\dimen133
\lineht@=\dimen134
\@envbody=\toks22
\multlinegap=\skip49
\multlinetaggap=\skip50
\mathdisplay@stack=\toks23
LaTeX Info: Redefining \[ on input line 2665.
LaTeX Info: Redefining \] on input line 2666.
)
(/usr/local/texlive/2013/texmf-dist/tex/latex/graphics/color.sty
Package: color 2005/11/14 v1.0j Standard LaTeX Color (DPC)

(/usr/local/texlive/2013/texmf-dist/tex/latex/latexconfig/color.cfg
File: color.cfg 2007/01/18 v1.5 color configuration of teTeX/TeXLive
)
Package color Info: Driver file: pdftex.def on input line 130.
)
(./paper.aux)
\openout1 = `paper.aux'.

LaTeX Font Info:    Checking defaults for OML/cmm/m/it on input line 66.
LaTeX Font Info:    ... okay on input line 66.
LaTeX Font Info:    Checking defaults for T1/cmr/m/n on input line 66.
LaTeX Font Info:    ... okay on input line 66.
LaTeX Font Info:    Checking defaults for OT1/cmr/m/n on input line 66.
LaTeX Font Info:    ... okay on input line 66.
LaTeX Font Info:    Checking defaults for OMS/cmsy/m/n on input line 66.
LaTeX Font Info:    ... okay on input line 66.
LaTeX Font Info:    Checking defaults for OMX/cmex/m/n on input line 66.
LaTeX Font Info:    ... okay on input line 66.
LaTeX Font Info:    Checking defaults for U/cmr/m/n on input line 66.
LaTeX Font Info:    ... okay on input line 66.
LaTeX Font Info:    Checking defaults for PD1/pdf/m/n on input line 66.
LaTeX Font Info:    ... okay on input line 66.

(/usr/local/texlive/2013/texmf-dist/tex/context/base/supp-pdf.mkii
[Loading MPS to PDF converter (version 2006.09.02).]
\scratchcounter=\count127
\scratchdimen=\dimen135
\scratchbox=\box33
\nofMPsegments=\count128
\nofMParguments=\count129
\everyMPshowfont=\toks24
\MPscratchCnt=\count130
\MPscratchDim=\dimen136
\MPnumerator=\count131
\makeMPintoPDFobject=\count132
\everyMPtoPDFconversion=\toks25
) (/usr/local/texlive/2013/texmf-dist/tex/latex/oberdiek/epstopdf-base.sty
Package: epstopdf-base 2010/02/09 v2.5 Base part for package epstopdf

(/usr/local/texlive/2013/texmf-dist/tex/latex/oberdiek/grfext.sty
Package: grfext 2010/08/19 v1.1 Manage graphics extensions (HO)
)
Package grfext Info: Graphics extension search list:
(grfext)             [.png,.pdf,.jpg,.mps,.jpeg,.jbig2,.jb2,.PNG,.PDF,.JPG,.JPE
G,.JBIG2,.JB2,.eps]
(grfext)             \AppendGraphicsExtensions on input line 452.

(/usr/local/texlive/2013/texmf-dist/tex/latex/latexconfig/epstopdf-sys.cfg
File: epstopdf-sys.cfg 2010/07/13 v1.3 Configuration of (r)epstopdf for TeX Liv
e
))
\AtBeginShipoutBox=\box34
Package hyperref Info: Link coloring OFF on input line 66.

(/usr/local/texlive/2013/texmf-dist/tex/latex/hyperref/nameref.sty
Package: nameref 2012/10/27 v2.43 Cross-referencing by name of section

(/usr/local/texlive/2013/texmf-dist/tex/generic/oberdiek/gettitlestring.sty
Package: gettitlestring 2010/12/03 v1.4 Cleanup title references (HO)
)
\c@section@level=\count133
)
LaTeX Info: Redefining \ref on input line 66.
LaTeX Info: Redefining \pageref on input line 66.
LaTeX Info: Redefining \nameref on input line 66.

(./paper.out) (./paper.out)
\@outlinefile=\write4
\openout4 = `paper.out'.

Package caption Info: Begin \AtBeginDocument code.
Package caption Info: End \AtBeginDocument code.
LaTeX Font Info:    Try loading font information for U+lasy on input line 101.

(/usr/local/texlive/2013/texmf-dist/tex/latex/base/ulasy.fd
File: ulasy.fd 1998/08/17 v2.2e LaTeX symbol font definitions
)
LaTeX Font Info:    Try loading font information for U+msa on input line 101.

(/usr/local/texlive/2013/texmf-dist/tex/latex/amsfonts/umsa.fd
File: umsa.fd 2013/01/14 v3.01 AMS symbols A
)
LaTeX Font Info:    Try loading font information for U+msb on input line 101.

(/usr/local/texlive/2013/texmf-dist/tex/latex/amsfonts/umsb.fd
File: umsb.fd 2013/01/14 v3.01 AMS symbols B
) [1


{/usr/local/texlive/2013/texmf-var/fonts/map/pdftex/updmap/pdftex.map}] [2] [3]
 [4]

Package hyperref Warning: Composite letter `\textasciimacron+o'
(hyperref)                not defined in PD1 encoding,
(hyperref)                removing `\textasciimacron' on input line 225.

[5]
LaTeX Font Info:    Font shape `U/lasy/b/n' in size <8> not available
(Font)              Font shape `U/lasy/m/n' tried instead on input line 248.
LaTeX Font Info:    Font shape `U/lasy/b/n' in size <6> not available
(Font)              Font shape `U/lasy/m/n' tried instead on input line 248.

Overfull \hbox (11.94167pt too wide) in paragraph at lines 277--283
[]\OT1/cmr/m/n/12 For the sim-u-la-tions pre-sented, re-fine-ment thresh-olds w
ere used that matched
 []

[6] [7]

Package hyperref Warning: Token not allowed in a PDF string (PDFDocEncoding):
(hyperref)                removing `math shift' on input line 320.


Package hyperref Warning: Token not allowed in a PDF string (PDFDocEncoding):
(hyperref)                removing `math shift' on input line 320.

[8] [9]

Package natbib Warning: Citation `Alexagnderian2011a' on page 10 undefined on i
nput line 375.

[10] [11] [12] [13] [14] [15] [16] [17] [18] [19] [20] [21] [22] [23] [24]
Missing character: There is no â in font cmr12!
Missing character: There is no ˆ in font cmr12!
Missing character: There is no ’ in font cmr12!

[25] [26] [27]
Underfull \hbox (badness 10000) in paragraph at lines 979--987
\OT1/cmr/m/n/12 URL []$\OT1/cmtt/m/n/12 http : / / www . nat-[]hazards-[]earth-
[]syst-[]sci . net / 12 / 2003 /
 []

[28]
Missing character: There is no â in font cmr12!
Missing character: There is no € in font cmr12!
Missing character: There is no ™ in font cmr12!

Underfull \hbox (badness 4492) in paragraph at lines 1017--1025
\OT1/cmr/m/n/12 fer-ence of sub-sur-face flow mod-els us-ing nested sam-pling a
nd
 []


Underfull \hbox (badness 2529) in paragraph at lines 1017--1025
\OT1/cmr/m/n/12 sparse poly-no-mial chaos sur-ro-gates[], Com-puter Meth-ods in
 Ap-
 []


Underfull \hbox (badness 4647) in paragraph at lines 1017--1025
\OT1/cmr/m/n/12 plied Me-chan-ics and En-gi-neer-ing 269 (0) (2014) 515 -- 537.

 []


Underfull \hbox (badness 10000) in paragraph at lines 1017--1025
\OT1/cmr/m/n/12 URL []$\OT1/cmtt/m/n/12 http : / / www . sciencedirect . com / 
science / article / pii /
 []

[29]
Underfull \hbox (badness 1253) in paragraph at lines 1043--1052
[]\OT1/cmr/m/n/12 A. Srini-vasan, J. Hel-gers, C. B. Paris, M. LeHenaff, H. Kan
g,
 []

[30] [31] [32]
Underfull \hbox (badness 3260) in paragraph at lines 1139--1146
\OT1/cmr/m/n/12 367.  []$\OT1/cmtt/m/n/12 arXiv : http : / / amstat . tandfonli
ne . com / doi / pdf / 10 . 1198 /
 []

[33] [34] [35] <Figure1.pdf, id=528, 650.43pt x 433.62pt>
File: Figure1.pdf Graphic file (type pdf)
 <use Figure1.pdf>
Package pdftex.def Info: Figure1.pdf used on input line 1226.
(pdftex.def)             Requested size: 234.00238pt x 155.99721pt.

<Figure2a.pdf, id=529, 650.43pt x 433.62pt>
File: Figure2a.pdf Graphic file (type pdf)
 <use Figure2a.pdf>
Package pdftex.def Info: Figure2a.pdf used on input line 1235.
(pdftex.def)             Requested size: 175.49881pt x 116.99956pt.

<Figure2b.pdf, id=530, 651.43375pt x 433.62pt>
File: Figure2b.pdf Graphic file (type pdf)
 <use Figure2b.pdf>
Package pdftex.def Info: Figure2b.pdf used on input line 1239.
(pdftex.def)             Requested size: 175.49881pt x 116.8143pt.

<Figure3.pdf, id=531, 651.43375pt x 433.62pt>
File: Figure3.pdf Graphic file (type pdf)
 <use Figure3.pdf>
Package pdftex.def Info: Figure3.pdf used on input line 1250.
(pdftex.def)             Requested size: 234.00238pt x 155.75902pt.

<Figure4a.pdf, id=532, 651.43375pt x 433.62pt>
File: Figure4a.pdf Graphic file (type pdf)
 <use Figure4a.pdf>
Package pdftex.def Info: Figure4a.pdf used on input line 1260.
(pdftex.def)             Requested size: 195.0pt x 129.79587pt.

<Figure4b.pdf, id=533, 651.43375pt x 433.62pt>
File: Figure4b.pdf Graphic file (type pdf)
 <use Figure4b.pdf>
Package pdftex.def Info: Figure4b.pdf used on input line 1261.
(pdftex.def)             Requested size: 195.0pt x 129.79587pt.

<Figure4c.pdf, id=534, 651.43375pt x 433.62pt>
File: Figure4c.pdf Graphic file (type pdf)
 <use Figure4c.pdf>
Package pdftex.def Info: Figure4c.pdf used on input line 1262.
(pdftex.def)             Requested size: 195.0pt x 129.79587pt.

<Figure4d.pdf, id=535, 651.43375pt x 433.62pt>
File: Figure4d.pdf Graphic file (type pdf)
 <use Figure4d.pdf>
Package pdftex.def Info: Figure4d.pdf used on input line 1263.
(pdftex.def)             Requested size: 195.0pt x 129.79587pt.

Overfull \hbox (24.00002pt too wide) in paragraph at lines 1259--1268
 [][] 
 []

<Figure5a.pdf, id=538, 651.43375pt x 433.62pt>
File: Figure5a.pdf Graphic file (type pdf)
 <use Figure5a.pdf>
Package pdftex.def Info: Figure5a.pdf used on input line 1276.
(pdftex.def)             Requested size: 195.0pt x 129.79587pt.

<Figure5b.pdf, id=539, 651.43375pt x 433.62pt>
File: Figure5b.pdf Graphic file (type pdf)
 <use Figure5b.pdf>
Package pdftex.def Info: Figure5b.pdf used on input line 1277.
(pdftex.def)             Requested size: 195.0pt x 129.79587pt.

<Figure5c.pdf, id=540, 651.43375pt x 433.62pt>
File: Figure5c.pdf Graphic file (type pdf)
 <use Figure5c.pdf>
Package pdftex.def Info: Figure5c.pdf used on input line 1278.
(pdftex.def)             Requested size: 195.0pt x 129.79587pt.

<Figure5d.pdf, id=541, 651.43375pt x 433.62pt>
File: Figure5d.pdf Graphic file (type pdf)
 <use Figure5d.pdf>
Package pdftex.def Info: Figure5d.pdf used on input line 1279.
(pdftex.def)             Requested size: 195.0pt x 129.79587pt.

Overfull \hbox (24.00002pt too wide) in paragraph at lines 1275--1281
 [][] 
 []

<Figure6a.pdf, id=542, 651.43375pt x 433.62pt>
File: Figure6a.pdf Graphic file (type pdf)
 <use Figure6a.pdf>
Package pdftex.def Info: Figure6a.pdf used on input line 1289.
(pdftex.def)             Requested size: 195.0pt x 129.79587pt.

<Figure6b.pdf, id=543, 651.43375pt x 433.62pt>
File: Figure6b.pdf Graphic file (type pdf)
 <use Figure6b.pdf>
Package pdftex.def Info: Figure6b.pdf used on input line 1290.
(pdftex.def)             Requested size: 195.0pt x 129.79587pt.

<Figure6c.pdf, id=544, 651.43375pt x 433.62pt>
File: Figure6c.pdf Graphic file (type pdf)
 <use Figure6c.pdf>
Package pdftex.def Info: Figure6c.pdf used on input line 1291.
(pdftex.def)             Requested size: 195.0pt x 129.79587pt.

<Figure6d.pdf, id=545, 651.43375pt x 433.62pt>
File: Figure6d.pdf Graphic file (type pdf)
 <use Figure6d.pdf>
Package pdftex.def Info: Figure6d.pdf used on input line 1292.
(pdftex.def)             Requested size: 195.0pt x 129.79587pt.

Overfull \hbox (24.00002pt too wide) in paragraph at lines 1287--1294
 [][] 
 []

<Figure7a.pdf, id=546, 651.43375pt x 433.62pt>
File: Figure7a.pdf Graphic file (type pdf)
 <use Figure7a.pdf>
Package pdftex.def Info: Figure7a.pdf used on input line 1301.
(pdftex.def)             Requested size: 185.25238pt x 123.3117pt.

<Figure7b.pdf, id=547, 651.43375pt x 433.62pt>
File: Figure7b.pdf Graphic file (type pdf)
 <use Figure7b.pdf>
Package pdftex.def Info: Figure7b.pdf used on input line 1302.
(pdftex.def)             Requested size: 185.25238pt x 123.3117pt.

<Figure7c.pdf, id=548, 651.43375pt x 433.62pt>
File: Figure7c.pdf Graphic file (type pdf)
 <use Figure7c.pdf>
Package pdftex.def Info: Figure7c.pdf used on input line 1303.
(pdftex.def)             Requested size: 185.25238pt x 123.3117pt.

<Figure7d.pdf, id=549, 651.43375pt x 433.62pt>
File: Figure7d.pdf Graphic file (type pdf)
 <use Figure7d.pdf>
Package pdftex.def Info: Figure7d.pdf used on input line 1304.
(pdftex.def)             Requested size: 185.25238pt x 123.3117pt.

Overfull \hbox (4.50478pt too wide) in paragraph at lines 1299--1306
[][] 
 []

<Figure8a.pdf, id=550, 651.43375pt x 433.62pt>
File: Figure8a.pdf Graphic file (type pdf)
 <use Figure8a.pdf>
Package pdftex.def Info: Figure8a.pdf used on input line 1313.
(pdftex.def)             Requested size: 185.25238pt x 123.3117pt.

<Figure8b.pdf, id=551, 651.43375pt x 433.62pt>
File: Figure8b.pdf Graphic file (type pdf)
 <use Figure8b.pdf>
Package pdftex.def Info: Figure8b.pdf used on input line 1314.
(pdftex.def)             Requested size: 185.25238pt x 123.3117pt.

<Figure8c.pdf, id=552, 651.43375pt x 433.62pt>
File: Figure8c.pdf Graphic file (type pdf)
 <use Figure8c.pdf>
Package pdftex.def Info: Figure8c.pdf used on input line 1315.
(pdftex.def)             Requested size: 185.25238pt x 123.3117pt.

<Figure8d.pdf, id=553, 651.43375pt x 433.62pt>
File: Figure8d.pdf Graphic file (type pdf)
 <use Figure8d.pdf>
Package pdftex.def Info: Figure8d.pdf used on input line 1316.
(pdftex.def)             Requested size: 185.25238pt x 123.3117pt.

Overfull \hbox (4.50478pt too wide) in paragraph at lines 1311--1319
[][] 
 []

<Figure9a.pdf, id=554, 651.43375pt x 433.62pt>
File: Figure9a.pdf Graphic file (type pdf)
 <use Figure9a.pdf>
Package pdftex.def Info: Figure9a.pdf used on input line 1326.
(pdftex.def)             Requested size: 175.49881pt x 116.8143pt.

<Figure9b.pdf, id=555, 650.43pt x 433.62pt>
File: Figure9b.pdf Graphic file (type pdf)
 <use Figure9b.pdf>
Package pdftex.def Info: Figure9b.pdf used on input line 1328.
(pdftex.def)             Requested size: 175.49881pt x 116.99956pt.

<Figure9c.pdf, id=556, 650.43pt x 433.62pt>
File: Figure9c.pdf Graphic file (type pdf)
 <use Figure9c.pdf>
Package pdftex.def Info: Figure9c.pdf used on input line 1330.
(pdftex.def)             Requested size: 175.49881pt x 116.99956pt.

<Figure9d.pdf, id=557, 651.43375pt x 433.62pt>
File: Figure9d.pdf Graphic file (type pdf)
 <use Figure9d.pdf>
Package pdftex.def Info: Figure9d.pdf used on input line 1332.
(pdftex.def)             Requested size: 175.49881pt x 116.8143pt.

<Figure9e.pdf, id=558, 650.43pt x 433.62pt>
File: Figure9e.pdf Graphic file (type pdf)
 <use Figure9e.pdf>
Package pdftex.def Info: Figure9e.pdf used on input line 1334.
(pdftex.def)             Requested size: 175.49881pt x 116.99956pt.

<Figure9f.pdf, id=559, 650.43pt x 433.62pt>
File: Figure9f.pdf Graphic file (type pdf)
 <use Figure9f.pdf>
Package pdftex.def Info: Figure9f.pdf used on input line 1336.
(pdftex.def)             Requested size: 175.49881pt x 116.99956pt.

Overfull \hbox (39.2463pt too wide) in paragraph at lines 1324--1338
[][] 
 []

<Figure10a.pdf, id=560, 651.43375pt x 433.62pt>
File: Figure10a.pdf Graphic file (type pdf)
 <use Figure10a.pdf>
Package pdftex.def Info: Figure10a.pdf used on input line 1345.
(pdftex.def)             Requested size: 185.25238pt x 123.3117pt.

<Figure10b.pdf, id=561, 651.43375pt x 433.62pt>
File: Figure10b.pdf Graphic file (type pdf)
 <use Figure10b.pdf>
Package pdftex.def Info: Figure10b.pdf used on input line 1346.
(pdftex.def)             Requested size: 185.25238pt x 123.3117pt.

<Figure10c.pdf, id=562, 651.43375pt x 433.62pt>
File: Figure10c.pdf Graphic file (type pdf)
 <use Figure10c.pdf>
Package pdftex.def Info: Figure10c.pdf used on input line 1347.
(pdftex.def)             Requested size: 185.25238pt x 123.3117pt.

<Figure10d.pdf, id=563, 651.43375pt x 433.62pt>
File: Figure10d.pdf Graphic file (type pdf)
 <use Figure10d.pdf>
Package pdftex.def Info: Figure10d.pdf used on input line 1348.
(pdftex.def)             Requested size: 185.25238pt x 123.3117pt.

Overfull \hbox (4.50478pt too wide) in paragraph at lines 1344--1350
[][] 
 []

<Figure11a.pdf, id=564, 651.43375pt x 433.62pt>
File: Figure11a.pdf Graphic file (type pdf)
 <use Figure11a.pdf>
Package pdftex.def Info: Figure11a.pdf used on input line 1358.
(pdftex.def)             Requested size: 175.49881pt x 116.8143pt.

<Figure11b.pdf, id=565, 650.43pt x 433.62pt>
File: Figure11b.pdf Graphic file (type pdf)
 <use Figure11b.pdf>
Package pdftex.def Info: Figure11b.pdf used on input line 1360.
(pdftex.def)             Requested size: 175.49881pt x 116.99956pt.

<Figure11c.pdf, id=566, 650.43pt x 433.62pt>
File: Figure11c.pdf Graphic file (type pdf)
 <use Figure11c.pdf>
Package pdftex.def Info: Figure11c.pdf used on input line 1362.
(pdftex.def)             Requested size: 175.49881pt x 116.99956pt.

<Figure11d.pdf, id=567, 651.43375pt x 433.62pt>
File: Figure11d.pdf Graphic file (type pdf)
 <use Figure11d.pdf>
Package pdftex.def Info: Figure11d.pdf used on input line 1364.
(pdftex.def)             Requested size: 175.49881pt x 116.8143pt.

<Figure11e.pdf, id=568, 650.43pt x 433.62pt>
File: Figure11e.pdf Graphic file (type pdf)
 <use Figure11e.pdf>
Package pdftex.def Info: Figure11e.pdf used on input line 1366.
(pdftex.def)             Requested size: 175.49881pt x 116.99956pt.

<Figure11f.pdf, id=569, 650.43pt x 433.62pt>
File: Figure11f.pdf Graphic file (type pdf)
 <use Figure11f.pdf>
Package pdftex.def Info: Figure11f.pdf used on input line 1368.
(pdftex.def)             Requested size: 175.49881pt x 116.99956pt.

<Figure11g.pdf, id=570, 651.43375pt x 433.62pt>
File: Figure11g.pdf Graphic file (type pdf)
 <use Figure11g.pdf>
Package pdftex.def Info: Figure11g.pdf used on input line 1370.
(pdftex.def)             Requested size: 175.49881pt x 116.8143pt.

<Figure11h.pdf, id=571, 650.43pt x 433.62pt>
File: Figure11h.pdf Graphic file (type pdf)
 <use Figure11h.pdf>
Package pdftex.def Info: Figure11h.pdf used on input line 1372.
(pdftex.def)             Requested size: 175.49881pt x 116.99956pt.

<Figure11i.pdf, id=572, 650.43pt x 433.62pt>
File: Figure11i.pdf Graphic file (type pdf)
 <use Figure11i.pdf>
Package pdftex.def Info: Figure11i.pdf used on input line 1374.
(pdftex.def)             Requested size: 175.49881pt x 116.99956pt.

Overfull \hbox (39.24632pt too wide) in paragraph at lines 1356--1377
[][] 
 []

<Figure12a.pdf, id=573, 651.43375pt x 433.62pt>
File: Figure12a.pdf Graphic file (type pdf)
 <use Figure12a.pdf>
Package pdftex.def Info: Figure12a.pdf used on input line 1385.
(pdftex.def)             Requested size: 195.0pt x 129.79587pt.

<Figure12b.pdf, id=574, 651.43375pt x 433.62pt>
File: Figure12b.pdf Graphic file (type pdf)
 <use Figure12b.pdf>
Package pdftex.def Info: Figure12b.pdf used on input line 1386.
(pdftex.def)             Requested size: 195.0pt x 129.79587pt.

<Figure12c.pdf, id=575, 651.43375pt x 433.62pt>
File: Figure12c.pdf Graphic file (type pdf)
 <use Figure12c.pdf>
Package pdftex.def Info: Figure12c.pdf used on input line 1387.
(pdftex.def)             Requested size: 195.0pt x 129.79587pt.

<Figure12d.pdf, id=576, 651.43375pt x 433.62pt>
File: Figure12d.pdf Graphic file (type pdf)
 <use Figure12d.pdf>
Package pdftex.def Info: Figure12d.pdf used on input line 1388.
(pdftex.def)             Requested size: 195.0pt x 129.79587pt.

Overfull \hbox (24.00002pt too wide) in paragraph at lines 1384--1391
 [][] 
 []

<Figure13.pdf, id=577, 651.43375pt x 433.62pt>
File: Figure13.pdf Graphic file (type pdf)
 <use Figure13.pdf>
Package pdftex.def Info: Figure13.pdf used on input line 1398.
(pdftex.def)             Requested size: 224.24881pt x 149.26823pt.

<Figure14a.pdf, id=578, 651.43375pt x 433.62pt>
File: Figure14a.pdf Graphic file (type pdf)
 <use Figure14a.pdf>
Package pdftex.def Info: Figure14a.pdf used on input line 1408.
(pdftex.def)             Requested size: 185.25238pt x 123.3117pt.

<Figure14b.pdf, id=579, 651.43375pt x 433.62pt>
File: Figure14b.pdf Graphic file (type pdf)
 <use Figure14b.pdf>
Package pdftex.def Info: Figure14b.pdf used on input line 1409.
(pdftex.def)             Requested size: 185.25238pt x 123.3117pt.

<Figure14c.pdf, id=580, 651.43375pt x 433.62pt>
File: Figure14c.pdf Graphic file (type pdf)
 <use Figure14c.pdf>
Package pdftex.def Info: Figure14c.pdf used on input line 1410.
(pdftex.def)             Requested size: 185.25238pt x 123.3117pt.

<Figure14d.pdf, id=581, 651.43375pt x 433.62pt>
File: Figure14d.pdf Graphic file (type pdf)
 <use Figure14d.pdf>
Package pdftex.def Info: Figure14d.pdf used on input line 1411.
(pdftex.def)             Requested size: 185.25238pt x 123.3117pt.

Overfull \hbox (4.50478pt too wide) in paragraph at lines 1407--1415
[][] 
 []

<Figure15a.pdf, id=582, 651.43375pt x 433.62pt>
File: Figure15a.pdf Graphic file (type pdf)
 <use Figure15a.pdf>
Package pdftex.def Info: Figure15a.pdf used on input line 1421.
(pdftex.def)             Requested size: 185.25238pt x 123.3117pt.

<Figure15b.pdf, id=583, 651.43375pt x 433.62pt>
File: Figure15b.pdf Graphic file (type pdf)
 <use Figure15b.pdf>
Package pdftex.def Info: Figure15b.pdf used on input line 1422.
(pdftex.def)             Requested size: 185.25238pt x 123.3117pt.

<Figure15c.pdf, id=584, 651.43375pt x 433.62pt>
File: Figure15c.pdf Graphic file (type pdf)
 <use Figure15c.pdf>
Package pdftex.def Info: Figure15c.pdf used on input line 1423.
(pdftex.def)             Requested size: 185.25238pt x 123.3117pt.

<Figure15d.pdf, id=585, 651.43375pt x 433.62pt>
File: Figure15d.pdf Graphic file (type pdf)
 <use Figure15d.pdf>
Package pdftex.def Info: Figure15d.pdf used on input line 1424.
(pdftex.def)             Requested size: 185.25238pt x 123.3117pt.

Overfull \hbox (4.50478pt too wide) in paragraph at lines 1420--1429
[][] 
 []

<Figure16a.pdf, id=586, 651.43375pt x 433.62pt>
File: Figure16a.pdf Graphic file (type pdf)
 <use Figure16a.pdf>
Package pdftex.def Info: Figure16a.pdf used on input line 1436.
(pdftex.def)             Requested size: 185.25238pt x 123.3117pt.

<Figure16b.pdf, id=587, 651.43375pt x 433.62pt>
File: Figure16b.pdf Graphic file (type pdf)
 <use Figure16b.pdf>
Package pdftex.def Info: Figure16b.pdf used on input line 1437.
(pdftex.def)             Requested size: 185.25238pt x 123.3117pt.

<Figure16c.pdf, id=588, 651.43375pt x 433.62pt>
File: Figure16c.pdf Graphic file (type pdf)
 <use Figure16c.pdf>
Package pdftex.def Info: Figure16c.pdf used on input line 1438.
(pdftex.def)             Requested size: 185.25238pt x 123.3117pt.

<Figure16d.pdf, id=589, 651.43375pt x 433.62pt>
File: Figure16d.pdf Graphic file (type pdf)
 <use Figure16d.pdf>
Package pdftex.def Info: Figure16d.pdf used on input line 1439.
(pdftex.def)             Requested size: 185.25238pt x 123.3117pt.

<Figure16e.pdf, id=590, 651.43375pt x 433.62pt>
File: Figure16e.pdf Graphic file (type pdf)
 <use Figure16e.pdf>
Package pdftex.def Info: Figure16e.pdf used on input line 1440.
(pdftex.def)             Requested size: 185.25238pt x 123.3117pt.

<Figure16f.pdf, id=591, 651.43375pt x 433.62pt>
File: Figure16f.pdf Graphic file (type pdf)
 <use Figure16f.pdf>
Package pdftex.def Info: Figure16f.pdf used on input line 1441.
(pdftex.def)             Requested size: 185.25238pt x 123.3117pt.

Overfull \hbox (4.50478pt too wide) in paragraph at lines 1435--1445
[][] 
 []


Package natbib Warning: There were undefined citations.

Package atveryend Info: Empty hook `BeforeClearDocument' on input line 1449.
[36

 <./Figure1.pdf> <./Figure2a.pdf> <./Figure2b.pdf>] [37 <./Figure3.pdf> <./Figu
re4a.pdf> <./Figure4b.pdf> <./Figure4c.pdf> <./Figure4d.pdf>] [38 <./Figure5a.p
df> <./Figure5b.pdf> <./Figure5c.pdf> <./Figure5d.pdf>] [39 <./Figure6a.pdf> <.
/Figure6b.pdf> <./Figure6c.pdf> <./Figure6d.pdf>] [40 <./Figure7a.pdf> <./Figur
e7b.pdf> <./Figure7c.pdf> <./Figure7d.pdf>] [41 <./Figure8a.pdf> <./Figure8b.pd
f> <./Figure8c.pdf> <./Figure8d.pdf>] [42 <./Figure9a.pdf> <./Figure9b.pdf> <./
Figure9c.pdf> <./Figure9d.pdf> <./Figure9e.pdf> <./Figure9f.pdf>] [43 <./Figure
10a.pdf> <./Figure10b.pdf> <./Figure10c.pdf> <./Figure10d.pdf>] [44 <./Figure11
a.pdf> <./Figure11b.pdf> <./Figure11c.pdf> <./Figure11d.pdf> <./Figure11e.pdf> 
<./Figure11f.pdf> <./Figure11g.pdf> <./Figure11h.pdf> <./Figure11i.pdf>]
[45 <./Figure12a.pdf> <./Figure12b.pdf> <./Figure12c.pdf> <./Figure12d.pdf>]
[46 <./Figure13.pdf> <./Figure14a.pdf> <./Figure14b.pdf> <./Figure14c.pdf> <./F
igure14d.pdf>] [47 <./Figure15a.pdf> <./Figure15b.pdf> <./Figure15c.pdf> <./Fig
ure15d.pdf>] [48 <./Figure16a.pdf> <./Figure16b.pdf> <./Figure16c.pdf> <./Figur
e16d.pdf> <./Figure16e.pdf> <./Figure16f.pdf>]
Package atveryend Info: Empty hook `AfterLastShipout' on input line 1449.
 (./paper.aux)
Package atveryend Info: Executing hook `AtVeryEndDocument' on input line 1449.
Package atveryend Info: Executing hook `AtEndAfterFileList' on input line 1449.

Package rerunfilecheck Info: File `paper.out' has not changed.
(rerunfilecheck)             Checksum: C21E5EC90B81D419DEBA469E01E4BAB2;1592.
Package atveryend Info: Empty hook `AtVeryVeryEnd' on input line 1449.
 ) 
Here is how much of TeX's memory you used:
 8653 strings out of 493315
 127417 string characters out of 6137904
 225144 words of memory out of 5000000
 11760 multiletter control sequences out of 15000+600000
 19822 words of font info for 77 fonts, out of 8000000 for 9000
 957 hyphenation exceptions out of 8191
 42i,12n,40p,576b,590s stack positions out of 5000i,500n,10000p,200000b,80000s
</usr/local/texlive/2013/texmf-dist/fonts/type1/public/amsfonts/cm/cmbx12.pfb
></usr/local/texlive/2013/texmf-dist/fonts/type1/public/amsfonts/cm/cmcsc10.pfb
></usr/local/texlive/2013/texmf-dist/fonts/type1/public/amsfonts/cm/cmex10.pfb>
</usr/local/texlive/2013/texmf-dist/fonts/type1/public/amsfonts/cm/cmmi10.pfb><
/usr/local/texlive/2013/texmf-dist/fonts/type1/public/amsfonts/cm/cmmi12.pfb></
usr/local/texlive/2013/texmf-dist/fonts/type1/public/amsfonts/cm/cmmi6.pfb></us
r/local/texlive/2013/texmf-dist/fonts/type1/public/amsfonts/cm/cmmi8.pfb></usr/
local/texlive/2013/texmf-dist/fonts/type1/public/amsfonts/cm/cmmib10.pfb></usr/
local/texlive/2013/texmf-dist/fonts/type1/public/amsfonts/cmextra/cmmib8.pfb></
usr/local/texlive/2013/texmf-dist/fonts/type1/public/amsfonts/cm/cmr10.pfb></us
r/local/texlive/2013/texmf-dist/fonts/type1/public/amsfonts/cm/cmr12.pfb></usr/
local/texlive/2013/texmf-dist/fonts/type1/public/amsfonts/cm/cmr17.pfb></usr/lo
cal/texlive/2013/texmf-dist/fonts/type1/public/amsfonts/cm/cmr7.pfb></usr/local
/texlive/2013/texmf-dist/fonts/type1/public/amsfonts/cm/cmr8.pfb></usr/local/te
xlive/2013/texmf-dist/fonts/type1/public/amsfonts/cm/cmss8.pfb></usr/local/texl
ive/2013/texmf-dist/fonts/type1/public/amsfonts/cm/cmsy10.pfb></usr/local/texli
ve/2013/texmf-dist/fonts/type1/public/amsfonts/cm/cmsy7.pfb></usr/local/texlive
/2013/texmf-dist/fonts/type1/public/amsfonts/cm/cmsy8.pfb></usr/local/texlive/2
013/texmf-dist/fonts/type1/public/amsfonts/cm/cmti10.pfb></usr/local/texlive/20
13/texmf-dist/fonts/type1/public/amsfonts/cm/cmti12.pfb></usr/local/texlive/201
3/texmf-dist/fonts/type1/public/amsfonts/cm/cmti7.pfb></usr/local/texlive/2013/
texmf-dist/fonts/type1/public/amsfonts/cm/cmtt10.pfb></usr/local/texlive/2013/t
exmf-dist/fonts/type1/public/amsfonts/cm/cmtt12.pfb>
Output written on paper.pdf (48 pages, 6882991 bytes).
PDF statistics:
 1190 PDF objects out of 1200 (max. 8388607)
 892 compressed objects within 9 object streams
 154 named destinations out of 1000 (max. 500000)
 487 words of extra memory for PDF output out of 10000 (max. 10000000)

